<<<<<<< HEAD
﻿  comando.cpp
  ISeeEuConquisto.vcxproj -> C:\Users\ZeMar\OneDrive\Documentos\GitHub\ISeeEuConquisto\ISeeEuConquisto\x64\Debug\ISeeEuConquisto.exe
=======
﻿  main.cpp
  territorios.cpp
Z:\FXVNDER\Documents\ISEC\2º ANO\POO\TP\ISeeEuConquisto\territorios.cpp(22,20): error C2059: syntax error: '.'
Z:\FXVNDER\Documents\ISEC\2º ANO\POO\TP\ISeeEuConquisto\territorios.cpp(22,28): error C2238: unexpected token(s) preceding ';'
Z:\FXVNDER\Documents\ISEC\2º ANO\POO\TP\ISeeEuConquisto\territorios.cpp(23,20): error C2059: syntax error: '.'
Z:\FXVNDER\Documents\ISEC\2º ANO\POO\TP\ISeeEuConquisto\territorios.cpp(23,31): error C2238: unexpected token(s) preceding ';'
Z:\FXVNDER\Documents\ISEC\2º ANO\POO\TP\ISeeEuConquisto\territorios.cpp(24,20): error C2059: syntax error: '.'
Z:\FXVNDER\Documents\ISEC\2º ANO\POO\TP\ISeeEuConquisto\territorios.cpp(24,30): error C2238: unexpected token(s) preceding ';'
Z:\FXVNDER\Documents\ISEC\2º ANO\POO\TP\ISeeEuConquisto\territorios.cpp(25,20): error C2059: syntax error: '.'
Z:\FXVNDER\Documents\ISEC\2º ANO\POO\TP\ISeeEuConquisto\territorios.cpp(25,30): error C2238: unexpected token(s) preceding ';'
Z:\FXVNDER\Documents\ISEC\2º ANO\POO\TP\ISeeEuConquisto\territorios.cpp(26,20): error C2059: syntax error: '.'
Z:\FXVNDER\Documents\ISEC\2º ANO\POO\TP\ISeeEuConquisto\territorios.cpp(28,22): error C2238: unexpected token(s) preceding ';'
Z:\FXVNDER\Documents\ISEC\2º ANO\POO\TP\ISeeEuConquisto\territorios.cpp(33,31): error C3254: 'territorios': class contains explicit override '{ctor}' but does not derive from an interface that contains the function declaration
Z:\FXVNDER\Documents\ISEC\2º ANO\POO\TP\ISeeEuConquisto\territorios.cpp(33,31): error C2838: '{ctor}': illegal qualified name in member declaration
Z:\FXVNDER\Documents\ISEC\2º ANO\POO\TP\ISeeEuConquisto\territorios.cpp(38,32): error C3254: 'territorios': class contains explicit override '{dtor}' but does not derive from an interface that contains the function declaration
Z:\FXVNDER\Documents\ISEC\2º ANO\POO\TP\ISeeEuConquisto\territorios.cpp(38,32): error C2838: '{dtor}': illegal qualified name in member declaration
Z:\FXVNDER\Documents\ISEC\2º ANO\POO\TP\ISeeEuConquisto\territorios.cpp(61,13): error C2065: 'terrInicial': undeclared identifier
Z:\FXVNDER\Documents\ISEC\2º ANO\POO\TP\ISeeEuConquisto\territorios.cpp(62,13): error C2065: 'terrInicial': undeclared identifier
  Generating Code...
>>>>>>> 246a1f6a79fbdf7d1e0c8c9e53248a7a7bedd9a9
